////////////////////////////////////////////////////////////////////////////////
///////////////////InstallShield Media Library Report Summary///////////////////
////////////////////////////////////////////////////////////////////////////////

Media Name      : Default
Report Filename : C:\Documents and Settings\Randy\My Documents\Randy's Folder\Swan Lake\Install\Swan Lake Screensaver\Media\Default\Report Files\1-11-2007 12.18.23AM.rpt
Date            : 01/11/2007
Time            : 12:18AM

Number of Components:                1 
Number of File Groups:               1 
Number of Files:                     8 
Total Size of Files:         2,224,745 (bytes)

==========
COMPONENTS
==========


     Program Files


////////////////////////////////////////////////////////////////////////////////
/////////////////////////////////Report Details/////////////////////////////////
////////////////////////////////////////////////////////////////////////////////


================================================================================
                           COMPONENT: "Program Files"
================================================================================

SUMMARY:
    Total Files:                8 (files for this component only)
    Source Bytes:       2,224,745 (files for this component only)


                **** File Group: "Program Executable Files" ****


<Directory>: C:\Documents and Settings\Randy\My Documents\Randy's Folder\Swan Lake\Versions\Current\Full

    Filename                    Date        Time      Size         Version      
    --------------------------  ----------  --------  -----------  -------------
    swanlake.dat                12/26/2006  23:10:48    1,367,182               
    file_id.diz                 12/26/2006  22:59:11          441               
    license.txt                 01/10/2007  23:10:02        7,341               
    order.txt                   12/26/2006  23:06:56        1,767               
    pad_file.xml                01/10/2007  23:44:29       14,625               
    readme.txt                  01/10/2007  23:09:36       16,444               
    Swan Lake.exe               01/10/2007  23:55:07      725,584  1.0.1.0      
    swanlake.chm                01/10/2007  23:06:33       91,361               
    --------------------------  ----------  --------  -----------  -------------
    Count=8                                             2,224,745               
