////////////////////////////////////////////////////////////////////////////////
///////////////////InstallShield Media Library Report Summary///////////////////
////////////////////////////////////////////////////////////////////////////////

Media Name      : Default
Report Filename : C:\Documents and Settings\Randy\My Documents\Randy's Folder\Swan Lake\Install\Swan Lake Screensaver\Media\Default\Report Files\4-06-2007 10.58.28PM.rpt
Date            : 04/06/2007
Time            : 10:58PM

Number of Components:                1 
Number of File Groups:               1 
Number of Files:                     8 
Total Size of Files:         2,224,856 (bytes)

==========
COMPONENTS
==========


     Program Files


////////////////////////////////////////////////////////////////////////////////
/////////////////////////////////Report Details/////////////////////////////////
////////////////////////////////////////////////////////////////////////////////


================================================================================
                           COMPONENT: "Program Files"
================================================================================

SUMMARY:
    Total Files:                8 (files for this component only)
    Source Bytes:       2,224,856 (files for this component only)


                **** File Group: "Program Executable Files" ****


<Directory>: C:\Documents and Settings\Randy\My Documents\Randy's Folder\Swan Lake\Versions\Current\Full

    Filename                    Date        Time      Size         Version      
    --------------------------  ----------  --------  -----------  -------------
    swanlake.dat                12/27/2006  00:10:48    1,367,182               
    file_id.diz                 04/06/2007  22:26:35          441               
    license.txt                 01/11/2007  00:10:02        7,341               
    order.txt                   12/27/2006  00:06:56        1,767               
    pad_file.xml                04/06/2007  22:41:58       14,625               
    readme.txt                  04/06/2007  22:29:40       16,555               
    Swan Lake.exe               04/06/2007  22:54:25      725,584  1.0.2.0      
    swanlake.chm                01/11/2007  00:06:33       91,361               
    --------------------------  ----------  --------  -----------  -------------
    Count=8                                             2,224,856               
